Build started 8/27/2019 1:30:45 PM.
     1>Project "H:\C++\Math Functions\Math Functions\Math Functions.vcxproj" on node 2 (Build target(s)).
     1>ClCompile:
         C:\Program Files (x86)\Microsoft Visual Studio 14.0\VC\bin\CL.exe /c /ZI /nologo /W3 /WX- /sdl /Od /Oy- /D WIN32 /D _DEBUG /D _CONSOLE /D _UNICODE /D UNICODE /Gm /EHsc /RTC1 /MDd /GS /fp:precise /Zc:wchar_t /Zc:forScope /Zc:inline /Yu"stdafx.h" /Fp"Debug\Math Functions.pch" /Fo"Debug\\" /Fd"Debug\vc140.pdb" /Gd /TP /analyze- /errorReport:prompt "Math Functions.cpp"
         Math Functions.cpp
     1>h:\c++\math functions\math functions\math functions.cpp(26): error C2296: '%': illegal, left operand has type 'double'
     1>h:\c++\math functions\math functions\math functions.cpp(26): error C2297: '%': illegal, right operand has type 'double'
     1>Done Building Project "H:\C++\Math Functions\Math Functions\Math Functions.vcxproj" (Build target(s)) -- FAILED.

Build FAILED.

Time Elapsed 00:00:01.18
